# JRE version: OpenJDK Runtime Environment (8.0_151-b12) (build 1.8.0_151-8u151-b12-0ubuntu0.16.04.2-b12)
# Java VM: OpenJDK 64-Bit Server VM (25.151-b12 mixed mode linux-amd64 compressed oops)
Heap:
 PSYoungGen      total 116224K, used 1568K [0x00000000f5900000, 0x00000000fd400000, 0x0000000100000000)
  eden space 107520K, 0% used [0x00000000f5900000,0x00000000f5900000,0x00000000fc200000)
  from space 8704K, 18% used [0x00000000fc200000,0x00000000fc388000,0x00000000fca80000)
  to   space 7680K, 0% used [0x00000000fca80000,0x00000000fca80000,0x00000000fd200000)
 ParOldGen       total 22016K, used 19814K [0x00000000e0a00000, 0x00000000e1f80000, 0x00000000f5900000)
  object space 22016K, 89% used [0x00000000e0a00000,0x00000000e1d59908,0x00000000e1f80000)
 Metaspace       used 18468K, capacity 18882K, committed 19200K, reserved 1067008K
  class space    used 2109K, capacity 2231K, committed 2304K, reserved 1048576K
GC Heap History (10 events):
Event: 9.015 GC heap after
Heap after GC invocations=6 (full 0):
 PSYoungGen      total 38400K, used 3995K [0x00000000f5900000, 0x00000000f8400000, 0x0000000100000000)
  eden space 34304K, 0% used [0x00000000f5900000,0x00000000f5900000,0x00000000f7a80000)
  from space 4096K, 97% used [0x00000000f7f00000,0x00000000f82e6fd8,0x00000000f8300000)
  to   space 4608K, 0% used [0x00000000f7a80000,0x00000000f7a80000,0x00000000f7f00000)
 ParOldGen       total 22016K, used 6982K [0x00000000e0a00000, 0x00000000e1f80000, 0x00000000f5900000)
  object space 22016K, 31% used [0x00000000e0a00000,0x00000000e10d1bd8,0x00000000e1f80000)
 Metaspace       used 12410K, capacity 12590K, committed 12928K, reserved 1060864K
  class space    used 1530K, capacity 1637K, committed 1664K, reserved 1048576K
}
Event: 14.185 GC heap before
{Heap before GC invocations=7 (full 0):
 PSYoungGen      total 38400K, used 38299K [0x00000000f5900000, 0x00000000f8400000, 0x0000000100000000)
  eden space 34304K, 100% used [0x00000000f5900000,0x00000000f7a80000,0x00000000f7a80000)
  from space 4096K, 97% used [0x00000000f7f00000,0x00000000f82e6fd8,0x00000000f8300000)
  to   space 4608K, 0% used [0x00000000f7a80000,0x00000000f7a80000,0x00000000f7f00000)
 ParOldGen       total 22016K, used 6982K [0x00000000e0a00000, 0x00000000e1f80000, 0x00000000f5900000)
  object space 22016K, 31% used [0x00000000e0a00000,0x00000000e10d1bd8,0x00000000e1f80000)
 Metaspace       used 15176K, capacity 15406K, committed 15744K, reserved 1062912K
  class space    used 1819K, capacity 1904K, committed 1920K, reserved 1048576K
Event: 14.351 GC heap after
Heap after GC invocations=7 (full 0):
 PSYoungGen      total 38912K, used 3650K [0x00000000f5900000, 0x00000000fa600000, 0x0000000100000000)
  eden space 34304K, 0% used [0x00000000f5900000,0x00000000f5900000,0x00000000f7a80000)
  from space 4608K, 79% used [0x00000000f7a80000,0x00000000f7e10a38,0x00000000f7f00000)
  to   space 5120K, 0% used [0x00000000fa100000,0x00000000fa100000,0x00000000fa600000)
 ParOldGen       total 22016K, used 7551K [0x00000000e0a00000, 0x00000000e1f80000, 0x00000000f5900000)
  object space 22016K, 34% used [0x00000000e0a00000,0x00000000e115fc28,0x00000000e1f80000)
 Metaspace       used 15176K, capacity 15406K, committed 15744K, reserved 1062912K
  class space    used 1819K, capacity 1904K, committed 1920K, reserved 1048576K
}
Event: 20.054 GC heap before
{Heap before GC invocations=8 (full 0):
 PSYoungGen      total 38912K, used 37954K [0x00000000f5900000, 0x00000000fa600000, 0x0000000100000000)
  eden space 34304K, 100% used [0x00000000f5900000,0x00000000f7a80000,0x00000000f7a80000)
  from space 4608K, 79% used [0x00000000f7a80000,0x00000000f7e10a38,0x00000000f7f00000)
  to   space 5120K, 0% used [0x00000000fa100000,0x00000000fa100000,0x00000000fa600000)
 ParOldGen       total 22016K, used 7551K [0x00000000e0a00000, 0x00000000e1f80000, 0x00000000f5900000)
  object space 22016K, 34% used [0x00000000e0a00000,0x00000000e115fc28,0x00000000e1f80000)
 Metaspace       used 16249K, capacity 16510K, committed 16640K, reserved 1064960K
  class space    used 1907K, capacity 2010K, committed 2048K, reserved 1048576K
Event: 20.218 GC heap after
Heap after GC invocations=8 (full 0):
 PSYoungGen      total 72704K, used 5115K [0x00000000f5900000, 0x00000000fa800000, 0x0000000100000000)
  eden space 67584K, 0% used [0x00000000f5900000,0x00000000f5900000,0x00000000f9b00000)
  from space 5120K, 99% used [0x00000000fa100000,0x00000000fa5fedb0,0x00000000fa600000)
  to   space 6144K, 0% used [0x00000000f9b00000,0x00000000f9b00000,0x00000000fa100000)
 ParOldGen       total 22016K, used 8168K [0x00000000e0a00000, 0x00000000e1f80000, 0x00000000f5900000)
  object space 22016K, 37% used [0x00000000e0a00000,0x00000000e11fa068,0x00000000e1f80000)
 Metaspace       used 16249K, capacity 16510K, committed 16640K, reserved 1064960K
  class space    used 1907K, capacity 2010K, committed 2048K, reserved 1048576K
}
Event: 31.567 GC heap before
{Heap before GC invocations=9 (full 0):
 PSYoungGen      total 72704K, used 72699K [0x00000000f5900000, 0x00000000fa800000, 0x0000000100000000)
  eden space 67584K, 100% used [0x00000000f5900000,0x00000000f9b00000,0x00000000f9b00000)
  from space 5120K, 99% used [0x00000000fa100000,0x00000000fa5fedb0,0x00000000fa600000)
  to   space 6144K, 0% used [0x00000000f9b00000,0x00000000f9b00000,0x00000000fa100000)
 ParOldGen       total 22016K, used 8168K [0x00000000e0a00000, 0x00000000e1f80000, 0x00000000f5900000)
  object space 22016K, 37% used [0x00000000e0a00000,0x00000000e11fa068,0x00000000e1f80000)
 Metaspace       used 16680K, capacity 16942K, committed 17152K, reserved 1064960K
  class space    used 1914K, capacity 2018K, committed 2048K, reserved 1048576K
Event: 31.836 GC heap after
Heap after GC invocations=9 (full 0):
 PSYoungGen      total 73728K, used 6144K [0x00000000f5900000, 0x00000000fd200000, 0x0000000100000000)
  eden space 67584K, 0% used [0x00000000f5900000,0x00000000f5900000,0x00000000f9b00000)
  from space 6144K, 100% used [0x00000000f9b00000,0x00000000fa100000,0x00000000fa100000)
  to   space 7680K, 0% used [0x00000000fca80000,0x00000000fca80000,0x00000000fd200000)
 ParOldGen       total 22016K, used 10470K [0x00000000e0a00000, 0x00000000e1f80000, 0x00000000f5900000)
  object space 22016K, 47% used [0x00000000e0a00000,0x00000000e1439908,0x00000000e1f80000)
 Metaspace       used 16680K, capacity 16942K, committed 17152K, reserved 1064960K
  class space    used 1914K, capacity 2018K, committed 2048K, reserved 1048576K
}
Event: 59.990 GC heap before
{Heap before GC invocations=10 (full 0):
 PSYoungGen      total 73728K, used 73728K [0x00000000f5900000, 0x00000000fd200000, 0x0000000100000000)
  eden space 67584K, 100% used [0x00000000f5900000,0x00000000f9b00000,0x00000000f9b00000)
  from space 6144K, 100% used [0x00000000f9b00000,0x00000000fa100000,0x00000000fa100000)
  to   space 7680K, 0% used [0x00000000fca80000,0x00000000fca80000,0x00000000fd200000)
 ParOldGen       total 22016K, used 10470K [0x00000000e0a00000, 0x00000000e1f80000, 0x00000000f5900000)
  object space 22016K, 47% used [0x00000000e0a00000,0x00000000e1439908,0x00000000e1f80000)
 Metaspace       used 18154K, capacity 18608K, committed 18944K, reserved 1067008K
  class space    used 2106K, capacity 2228K, committed 2304K, reserved 1048576K
Event: 60.166 GC heap after
Heap after GC invocations=10 (full 0):
 PSYoungGen      total 115200K, used 7668K [0x00000000f5900000, 0x00000000fd400000, 0x0000000100000000)
  eden space 107520K, 0% used [0x00000000f5900000,0x00000000f5900000,0x00000000fc200000)
  from space 7680K, 99% used [0x00000000fca80000,0x00000000fd1fd038,0x00000000fd200000)
  to   space 8704K, 0% used [0x00000000fc200000,0x00000000fc200000,0x00000000fca80000)
 ParOldGen       total 22016K, used 13582K [0x00000000e0a00000, 0x00000000e1f80000, 0x00000000f5900000)
  object space 22016K, 61% used [0x00000000e0a00000,0x00000000e1743908,0x00000000e1f80000)
 Metaspace       used 18154K, capacity 18608K, committed 18944K, reserved 1067008K
  class space    used 2106K, capacity 2228K, committed 2304K, reserved 1048576K
}
Event: 93.839 GC heap before
{Heap before GC invocations=11 (full 0):
 PSYoungGen      total 115200K, used 115188K [0x00000000f5900000, 0x00000000fd400000, 0x0000000100000000)
  eden space 107520K, 100% used [0x00000000f5900000,0x00000000fc200000,0x00000000fc200000)
  from space 7680K, 99% used [0x00000000fca80000,0x00000000fd1fd038,0x00000000fd200000)
  to   space 8704K, 0% used [0x00000000fc200000,0x00000000fc200000,0x00000000fca80000)
 ParOldGen       total 22016K, used 13582K [0x00000000e0a00000, 0x00000000e1f80000, 0x00000000f5900000)
  object space 22016K, 61% used [0x00000000e0a00000,0x00000000e1743908,0x00000000e1f80000)
 Metaspace       used 18468K, capacity 18882K, committed 19200K, reserved 1067008K
  class space    used 2109K, capacity 2231K, committed 2304K, reserved 1048576K

